\BOOKMARK [1][-]{section*.2}{Resumo}{}% 1
\BOOKMARK [1][-]{section.1}{Introdu\347\343o}{}% 2
\BOOKMARK [2][-]{subsection.1.1}{Conceitos introdut\363rios}{section.1}% 3
\BOOKMARK [2][-]{subsection.1.2}{Problema de Distritamento e Roteamento}{section.1}% 4
\BOOKMARK [2][-]{subsection.1.3}{Aplica\347\343o Pr\341tica}{section.1}% 5
\BOOKMARK [1][-]{section.2}{Trabalhos Relacionados}{}% 6
\BOOKMARK [2][-]{subsection.2.1}{Problema Din\342mico de Loca\347\343o-Roteamento de Ve\355culos}{section.2}% 7
\BOOKMARK [2][-]{subsection.2.2}{Problema Dim\342nico e Multi-Objetivo de Distritamento e Roteamento Estoc\341stico}{section.2}% 8
\BOOKMARK [2][-]{subsection.2.3}{Problema de Distritamento no Contexto de Roteamento de Arcos}{section.2}% 9
\BOOKMARK [1][-]{section.3}{Objetivos}{}% 10
\BOOKMARK [2][-]{subsection.3.1}{Objetivos Gerais}{section.3}% 11
\BOOKMARK [2][-]{subsection.3.2}{Objetivos Espec\355ficos}{section.3}% 12
\BOOKMARK [1][-]{section.4}{Metodologia}{}% 13
\BOOKMARK [2][-]{subsection.4.1}{Algoritmos gen\351ticos}{section.4}% 14
\BOOKMARK [1][-]{section.5}{Modelagem das Inst\342ncias}{}% 15
\BOOKMARK [2][-]{subsection.5.1}{Grafos}{section.5}% 16
\BOOKMARK [2][-]{subsection.5.2}{Cromossomos}{section.5}% 17
\BOOKMARK [1][-]{section.6}{Design do Sistema}{}% 18
\BOOKMARK [2][-]{subsection.6.1}{Requisitos}{section.6}% 19
\BOOKMARK [2][-]{subsection.6.2}{Diagrama de Pacotes}{section.6}% 20
\BOOKMARK [2][-]{subsection.6.3}{Diagrama de Classes}{section.6}% 21
\BOOKMARK [2][-]{subsection.6.4}{Matriz de Rastreabilidade}{section.6}% 22
\BOOKMARK [1][-]{table.caption.11}{Refer\352ncias}{}% 23
